19:53:34.258  INFO  [lib BD_Libros] Qizx 4.4p1 creating new XML Library in G:\Mi unidad\1º DAW\LMSGI\UD6\Actividad 5\BD_Libros
19:53:34.264  INFO  [lib BD_Libros] create storage in G:\Mi unidad\1º DAW\LMSGI\UD6\Actividad 5\BD_Libros\contents.qdb
19:53:34.287  INFO  [lib BD_Libros] storage created
19:53:34.940  INFO  [lib BD_Libros] library creation done
19:53:48.272  INFO  [lib BD_Libros] commit start BD_Libros (session 1)
19:53:48.422  INFO  [lib BD_Libros] commit 1 on BD_Libros (session 1)
19:53:48.583  INFO  [lib BD_Libros] commit 1 done
19:53:48.583  INFO  [lib BD_Libros] commit end BD_Libros (session 1) -> state: [ 1 ][ 1 2 ]
19:53:48.584  INFO  [lib BD_Libros] sweeper deleted 1/1 metadocs: 5
20:22:47.412  INFO  [lib BD_Libros] commit start BD_Libros (session 1)
20:22:47.525  INFO  [lib BD_Libros] commit 2 on BD_Libros (session 1)
20:22:47.737  INFO  [lib BD_Libros] commit 2 done
20:22:47.738  INFO  [lib BD_Libros] commit end BD_Libros (session 1) -> state: [ 1 2 ][ 1 2 3 ]
20:22:47.739  INFO  [lib BD_Libros] sweeper deleted 1/1 docs: 8 in ms 1.0254
20:22:47.739  INFO  [lib BD_Libros] sweeper deleted 2/2 metadocs: 9, 11
20:31:14.462  INFO  [lib BD_Libros] commit start BD_Libros (session 1)
20:31:14.627  INFO  [lib BD_Libros] commit 3 on BD_Libros (session 1)
20:31:14.788  INFO  [lib BD_Libros] commit 3 done
20:31:14.788  INFO  [lib BD_Libros] commit end BD_Libros (session 1) -> state: [ 1 2 3 ][ 1 2 3 4 ]
20:31:14.789  INFO  [lib BD_Libros] sweeper deleted 1/1 docs: 14 in ms 1.1685
20:31:14.789  INFO  [lib BD_Libros] sweeper deleted 2/2 metadocs: 15, 17
20:33:52.730  INFO  [lib BD_Libros] commit start BD_Libros (session 1)
20:33:52.894  INFO  [lib BD_Libros] commit 4 on BD_Libros (session 1)
20:33:53.039  INFO  [lib BD_Libros] commit 4 done
20:33:53.039  INFO  [lib BD_Libros] commit end BD_Libros (session 1) -> state: [ 1 2 3 4 ][ 1 2 3 4 5 ]
20:33:53.040  INFO  [lib BD_Libros] sweeper deleted 1/1 docs: 20 in ms 1.1535
20:33:53.041  INFO  [lib BD_Libros] sweeper deleted 2/2 metadocs: 21, 23
20:36:13.051  INFO  [lib BD_Libros] commit start BD_Libros (session 1)
20:36:13.205  INFO  [lib BD_Libros] commit 5 on BD_Libros (session 1)
20:36:13.362  INFO  [lib BD_Libros] commit 5 done
20:36:13.363  INFO  [lib BD_Libros] commit end BD_Libros (session 1) -> state: [ 1 2 3 4 5 ][ 1 2 3 4 5 6 ]
20:36:13.364  INFO  [lib BD_Libros] sweeper deleted 1/1 docs: 26 in ms 1.1798
20:36:13.364  INFO  [lib BD_Libros] sweeper deleted 2/2 metadocs: 27, 29
20:44:38.564  INFO  [lib BD_Libros] commit start BD_Libros (session 1)
20:44:38.720  INFO  [lib BD_Libros] commit 6 on BD_Libros (session 1)
20:44:38.900  INFO  [lib BD_Libros] commit 6 done
20:44:38.900  INFO  [lib BD_Libros] commit end BD_Libros (session 1) -> state: [ 1 2 3 4 5 6 ][ 1 2 3 4 5 6 7 ]
20:44:38.901  INFO  [lib BD_Libros] sweeper deleted 1/1 docs: 32 in ms 1.2672
20:44:38.902  INFO  [lib BD_Libros] sweeper deleted 2/2 metadocs: 33, 35
20:48:02.148  INFO  [lib BD_Libros] commit start BD_Libros (session 1)
20:48:02.307  INFO  [lib BD_Libros] commit 7 on BD_Libros (session 1)
20:48:02.487  INFO  [lib BD_Libros] commit 7 done
20:48:02.487  INFO  [lib BD_Libros] commit end BD_Libros (session 1) -> state: [ 1 2 3 4 5 6 7 ][ 1 2 3 4 5 6 7 8 ]
20:48:02.488  INFO  [lib BD_Libros] sweeper deleted 1/1 docs: 38 in ms 1.265
20:48:02.489  INFO  [lib BD_Libros] sweeper deleted 2/2 metadocs: 39, 41
20:49:15.520  INFO  [lib BD_Libros] All sessions closed
20:49:15.536  INFO  [lib BD_Libros] Sweeper stopped
20:49:15.554  INFO  [lib BD_Libros] library closed 
